C51 COMPILER V9.52.0.0   ADC                                                               11/02/2022 15:27:32 PAGE 1   


C51 COMPILER V9.52.0.0, COMPILATION OF MODULE ADC
OBJECT MODULE PLACED IN adc.OBJ
COMPILER INVOKED BY: C:\Keil\C51\BIN\C51.EXE adc.c BROWSE DEBUG OBJECTEXTEND TABS(2)

line level    source

   1          #include<reg51.h>
   2          #define led P1
   3          #define adc_port P2
   4          sbit intr= P3^2;
   5          sbit wr= P3^6;
   6          sbit rd =P3^7;
   7          sbit cs =P3^7;
   8          
   9          unsigned char adc_val;
  10          void conv()
  11          
  12          {
  13   1      cs=0;
  14   1      wr=0;
  15   1      wr=1;
  16   1      cs=1;
  17   1      while(intr);
  18   1      }
  19          void read()
  20          {
  21   1      cs=0;
  22   1      rd=0;
  23   1      adc_val=adc_port;
  24   1      rd=1;
  25   1      cs=1;
  26   1      }
  27          void main()
  28          {
  29   1      while(1)
  30   1      read();
  31   1      conv();
  32   1      
  33   1      led=adc_val;
  34   1      }
  35          }
*** ERROR C141 IN LINE 35 OF adc.c: syntax error near '}'

C51 COMPILATION COMPLETE.  0 WARNING(S),  1 ERROR(S)
