C51 COMPILER V9.52.0.0   INTRRUPT                                                          10/27/2022 11:12:11 PAGE 1   


C51 COMPILER V9.52.0.0, COMPILATION OF MODULE INTRRUPT
OBJECT MODULE PLACED IN INTRRUPT.OBJ
COMPILER INVOKED BY: C:\Keil\C51\BIN\C51.EXE INTRRUPT.c BROWSE DEBUG OBJECTEXTEND TABS(2)

line level    source

   1          #include<reg51.h>
   2          
   3          sbit led_main= P0^0;
   4          sbit led_intr0= P0^1;
   5          sbit led_intr1= P0^2;
   6          
   7          //#define LED P0
   8          
   9          delay()
  10          {
  11   1      int i;
  12   1      for (i=0;i<1000;i++);
  13   1      }
  14          void intr0_external() interrupt 0
  15          {
  16   1         led_intr0=0;
  17   1         delay();
  18   1         led_intr0=1;
  19   1         delay();
  20   1      }
  21          
  22          void intr1_external() interrupt 2
  23          {
  24   1         led_intr1=0;
  25   1         delay();
  26   1         led_intr1=1;
  27   1         delay();
  28   1      }
  29          
  30          void main()
  31          {
  32   1          EA=1;
  33   1          EX0=1;
  34   1          IT0=1;
  35   1        
  36   1       while(1)
  37   1        {
  38   2          led_main =0;
  39   2          delay();
  40   2          led_main=1;
  41   2          delay();
  42   2        }
  43   1      }
  44          
  45          
*** WARNING C290 IN LINE 13 OF INTRRUPT.c: missing return value


MODULE INFORMATION:   STATIC OVERLAYABLE
   CODE SIZE        =     93    ----
   CONSTANT SIZE    =   ----    ----
   XDATA SIZE       =   ----    ----
   PDATA SIZE       =   ----    ----
   DATA SIZE        =   ----    ----
   IDATA SIZE       =   ----    ----
C51 COMPILER V9.52.0.0   INTRRUPT                                                          10/27/2022 11:12:11 PAGE 2   

   BIT SIZE         =   ----    ----
END OF MODULE INFORMATION.


C51 COMPILATION COMPLETE.  1 WARNING(S),  0 ERROR(S)
