C51 COMPILER V9.52.0.0   SERAIL                                                            11/02/2022 14:51:29 PAGE 1   


C51 COMPILER V9.52.0.0, COMPILATION OF MODULE SERAIL
OBJECT MODULE PLACED IN serail.OBJ
COMPILER INVOKED BY: C:\Keil\C51\BIN\C51.EXE serail.c BROWSE DEBUG OBJECTEXTEND TABS(2)

line level    source

   1          #include<reg51.h>
   2          
   3          #define baud_rate 0xFA
   4          bit bTx_flag=0;
   5          void main(void);
   6          //void SerialIntialize(void);
   7          void SendByteSerially(unsigned char ascii);
   8          char * string="Hello Bosch";
   9          
  10          
  11          void ser_int() interrupt 4
  12          {
  13   1        
  14   1        if(TI)
  15   1        {
  16   2          bTx_flag=1;
  17   2          TI=0;
  18   2        }
  19   1        
  20   1        
  21   1      }
  22          void main(void)
  23          {
  24   1      //unsigned char serialdata;
  25   1        EA=1;
  26   1        ES=1;
  27   1        TMOD=((TMOD&0x0F)|0x20);
  28   1      SCON=0x50;
  29   1      TH1=baud_rate;
  30   1      TR1=1;
  31   1      
  32   1        while(1)
  33   1        {
  34   2          while(*string)
  35   2          {
  36   3          SBUF=*string++;
  37   3          while(bTx_flag==0);
  38   3          bTx_flag=0;
  39   3          }
  40   2      }
  41   1      }
  42          /*void sendByteSerially(unsigned char serialdata)
  43          {
  44          SBUF=serialdata;
  45          while(TI==0);
  46          TI=0;
  47          }
  48          
  49          unsigned char RecieveByteSerially(void)
  50          {
  51          while(RI==0);
  52          RI=0;
  53          return SBUF;
  54          }*/
  55          
C51 COMPILER V9.52.0.0   SERAIL                                                            11/02/2022 14:51:29 PAGE 2   

  56          
  57          


MODULE INFORMATION:   STATIC OVERLAYABLE
   CODE SIZE        =     61    ----
   CONSTANT SIZE    =     12    ----
   XDATA SIZE       =   ----    ----
   PDATA SIZE       =   ----    ----
   DATA SIZE        =      3    ----
   IDATA SIZE       =   ----    ----
   BIT SIZE         =      1    ----
END OF MODULE INFORMATION.


C51 COMPILATION COMPLETE.  0 WARNING(S),  0 ERROR(S)
