C51 COMPILER V9.52.0.0   TIMER_MODE                                                        10/31/2022 12:10:00 PAGE 1   


C51 COMPILER V9.52.0.0, COMPILATION OF MODULE TIMER_MODE
OBJECT MODULE PLACED IN Timer_mode.OBJ
COMPILER INVOKED BY: C:\Keil\C51\BIN\C51.EXE Timer_mode.c BROWSE DEBUG OBJECTEXTEND TABS(2)

line level    source

   1          #include <REG52.h>
   2          
   3          #define TIMER0_VALUE_25msec 0xA5FF
   4          #define TIMER0_H ((TIMER0_VALUE_25msec & 0XFF00)>>8)
   5          #define TIMER0_L ((TIMER0_VALUE_25msec & 0X00FF)
   6           
   7           sbit led0=P1^0;
   8           //sbit led1=P1^1;
   9           
  10           void timer0_interrupt() interrupt 3
  11          {
  12   1         unsigned int i;
  13   1         TH0= TIMER0_H;
  14   1         TL0= TIMER0_L;
*** ERROR C141 IN LINE 14 OF Timer_mode.c: syntax error near ';'
  15   1         if (i==0)
  16   1         {
  17   2          i=0;
  18   2          led0=~led0; 
  19   2          } 
  20   1          else
  21   1          i++;
  22   1        }
  23           
  24           
  25           void main()
  26           {
  27   1       int cnt=0;
  28   1       TMOD = 0x01;
  29   1         
  30   1        TH0= TIMER0_H;
  31   1        TL0= TIMER0_L;
*** ERROR C141 IN LINE 31 OF Timer_mode.c: syntax error near ';'
  32   1       //TH1 =  0XA5;
  33   1       //TL1 =  0XFF;
  34   1       
  35   1       TH0 =  0XA5;
  36   1       TL0 =  0XFF;
  37   1         
  38   1         EA=1;
  39   1         ET0=1;
  40   1         TR0=1;
  41   1          while(1)
  42   1          {
  43   2          
  44   2          //while(TF0==0);
  45   2          if(TF0==1)
  46   2          {
  47   3          TF0=0;
  48   3          TH0= 0xA5;
  49   3          TL0= 0xFF;
  50   3          cnt++;
  51   3          if (cnt=40)
  52   3            {
  53   4          cnt=0;
C51 COMPILER V9.52.0.0   TIMER_MODE                                                        10/31/2022 12:10:00 PAGE 2   

  54   4          led0=~led0;
  55   4            }
  56   3          }
  57   2          
  58   2          /*if(TF1==1)
  59   2          {
  60   2          TF1=0;
  61   2          TH1= 0xA5;
  62   2          TL1= 0xFF;
  63   2          cnt2++;
  64   2          if (cnt2==120)
  65   2            {
  66   2          cnt2=0;
  67   2          led1=~led1;
  68   2            }
  69   2          }*/
  70   2           }
  71   1       }
  72          

C51 COMPILATION COMPLETE.  0 WARNING(S),  2 ERROR(S)
