C51 COMPILER V9.52.0.0   TIMER_1S                                                          10/31/2022 11:17:33 PAGE 1   


C51 COMPILER V9.52.0.0, COMPILATION OF MODULE TIMER_1S
OBJECT MODULE PLACED IN Timer_1s.OBJ
COMPILER INVOKED BY: C:\Keil\C51\BIN\C51.EXE Timer_1s.c BROWSE DEBUG OBJECTEXTEND TABS(2)

line level    source

   1          
   2          #include <REG52.h>
   3          
   4          #define TIMER0_VALUE_25msec 0xA5FF
   5          #define TIMER0_H ((TIMER0_VALUE_25msec & 0XFF00)>>8)
   6          #define TIMER0_L ((TIMER0_VALUE_25msec & 0X00FF)
   7           
   8           sbit led0=P1^0;
   9           sbit led1=P1^1;
  10           
  11           
  12           
  13           void main()
  14           {
  15   1       int cnt=0;
  16   1       TMOD = 0x01;
  17   1       TH0 =  0XA5;
  18   1       TL0 =  0XFF;
  19   1       TH1 =  0XA5;
  20   1       TL1 =  0XFF;
  21   1       
  22   1       TR0=1;
  23   1       TR1=1;
  24   1          while(1)
  25   1          {
  26   2          
  27   2          //while(TF0==0);
  28   2          if(TF0==1)
  29   2          {
  30   3          TF0=0;
  31   3          TH0= 0xA5;
  32   3          TL0= 0xFF;
  33   3          cnt++;
  34   3          if (cnt==40)
  35   3            {
  36   4          cnt=0;
  37   4          led0=~led0;
  38   4            }
  39   3          }
  40   2          if(TF0==1)
  41   2          {
  42   3          TF0=0;
  43   3          TH0= 0xA5;
  44   3          TL0= 0xFF;
  45   3          cnt++;
  46   3          if (cnt==120)
  47   3            {
  48   4          cnt=0;
  49   4          led1=~led0;
  50   4            }
  51   3       }
  52   2      
*** ERROR C141 IN LINE 52 OF Timer_1s.c: syntax error near ''

C51 COMPILATION COMPLETE.  0 WARNING(S),  1 ERROR(S)
