C51 COMPILER V9.52.0.0   TIMER_INTR                                                        10/31/2022 13:56:13 PAGE 1   


C51 COMPILER V9.52.0.0, COMPILATION OF MODULE TIMER_INTR
OBJECT MODULE PLACED IN timer_intr.OBJ
COMPILER INVOKED BY: C:\Keil\C51\BIN\C51.EXE timer_intr.c BROWSE DEBUG OBJECTEXTEND TABS(2)

line level    source

   1          #include <REG52.h>
   2          
   3          #define TIMER0_VALUE_25msec 0xA5FF
   4          #define TIMER0_H ((TIMER0_VALUE_25msec & 0XFF00)>>8)
   5          #define TIMER0_L ((TIMER0_VALUE_25msec & 0X00FF)
   6           
   7           sbit led0=P1^0;
   8           //sbit led1=P1^1;
   9           int i;
  10           void timer0_interrupt() interrupt 1
  11          {
  12   1         
  13   1         TH0 =  0XA5;
  14   1         TL0 =  0XFF;
  15   1         if (i==100)
  16   1         {
  17   2          i=0;
  18   2          led0=~led0; 
  19   2          } 
  20   1          else
  21   1          i++;
  22   1        }
  23           
  24           
  25           void main()
  26           {
  27   1        int cnt=0;
  28   1        TMOD = 0x01;
  29   1        TH0 =  0XA5;
  30   1        TL0 =  0XFF;
  31   1         
  32   1       //TH1 =  0XA5;
  33   1       //TL1 =  0XFF;
  34   1       
  35   1         //TH0 =  0XA5;
  36   1         //TL0 =  0XFF;
  37   1         
  38   1         EA=1;
  39   1         ET0=1;
  40   1         TR0=1;
  41   1          while(1)
  42   1          {
  43   2          
  44   2          //while(TF0==0);
  45   2          
  46   2        
  47   2          }
  48   1        }
  49          
  50              /*if(TF1==1)
  51              {
  52              TF1=0;
  53              TH1= 0xA5;
  54              TL1= 0xFF;
  55              cnt2++;
C51 COMPILER V9.52.0.0   TIMER_INTR                                                        10/31/2022 13:56:13 PAGE 2   

  56              if (cnt2==120)
  57                {
  58              cnt2=0;
  59              led1=~led1;
  60                }
  61              }*/
  62               
  63           
  64          


MODULE INFORMATION:   STATIC OVERLAYABLE
   CODE SIZE        =     57    ----
   CONSTANT SIZE    =   ----    ----
   XDATA SIZE       =   ----    ----
   PDATA SIZE       =   ----    ----
   DATA SIZE        =      2       2
   IDATA SIZE       =   ----    ----
   BIT SIZE         =   ----    ----
END OF MODULE INFORMATION.


C51 COMPILATION COMPLETE.  0 WARNING(S),  0 ERROR(S)
