C51 COMPILER V9.52.0.0   TIMER                                                             10/31/2022 10:54:44 PAGE 1   


C51 COMPILER V9.52.0.0, COMPILATION OF MODULE TIMER
OBJECT MODULE PLACED IN Timer.OBJ
COMPILER INVOKED BY: C:\Keil\C51\BIN\C51.EXE Timer.c BROWSE DEBUG OBJECTEXTEND TABS(2)

line level    source

   1          
   2          #include <REG52.h>
   3          
   4          #define TIMER0_VALUE_25msec 0xA5FF
   5          #define TIMER0_H ((TIMER0_VALUE_25msec & 0XFF00)>>8)
   6          #define TIMER0_L ((TIMER0_VALUE_25msec & 0X00FF)
   7           
   8           sbit led0=P1^0;
   9           
  10           
  11           
  12           void main()
  13           {
  14   1       int cnt=0;
  15   1       TMOD = 0x01;
  16   1       TH0 =  0XA5;
  17   1       TL0 =  0XFF;
  18   1       
  19   1       TR0=1;
  20   1          while(1)
  21   1          {
  22   2          
  23   2          //while(TF0==0);
  24   2          if(TF0==1)
  25   2          {
  26   3          TF0=0;
  27   3          TH0= 0xA5;
  28   3          TL0= 0xFF;
  29   3          //cnt++;
  30   3          if (cnt==40){
  31   4      
  32   4          led0=~led0;
  33   4            cnt=0;
  34   4          }
  35   3          }
  36   2            }
  37   1       }
  38          


MODULE INFORMATION:   STATIC OVERLAYABLE
   CODE SIZE        =     37    ----
   CONSTANT SIZE    =   ----    ----
   XDATA SIZE       =   ----    ----
   PDATA SIZE       =   ----    ----
   DATA SIZE        =   ----    ----
   IDATA SIZE       =   ----    ----
   BIT SIZE         =   ----    ----
END OF MODULE INFORMATION.


C51 COMPILATION COMPLETE.  0 WARNING(S),  0 ERROR(S)
